Added Component: Designator=J1(861-B05-213R004)
Added Component: Designator=J2(031-6590)
Added Component: Designator=J3(031-6590)
Added Component: Designator=J4(PZ254-2-06-S)
Added Pin To Net: NetName=Anode Pin=J1-5
Added Pin To Net: NetName=Anode Pin=J4-1
Added Net: Name=Anode
Added Pin To Net: NetName=Bot Pin=J2-BOT
Added Pin To Net: NetName=Bot Pin=J3-BOT
Added Pin To Net: NetName=Bot Pin=J4-6
Added Net: Name=Bot
Added Pin To Net: NetName=Cathode Pin=J1-4
Added Pin To Net: NetName=Cathode Pin=J4-7
Added Net: Name=Cathode
Added Pin To Net: NetName=Common Pin=J1-1
Added Pin To Net: NetName=Common Pin=J4-4
Added Net: Name=Common
Added Pin To Net: NetName=GND Pin=J2-GND
Added Pin To Net: NetName=GND Pin=J2-SH1
Added Pin To Net: NetName=GND Pin=J2-SH2
Added Pin To Net: NetName=GND Pin=J3-GND
Added Pin To Net: NetName=GND Pin=J3-SH1
Added Pin To Net: NetName=GND Pin=J3-SH2
Added Pin To Net: NetName=GND Pin=J4-2
Added Pin To Net: NetName=GND Pin=J4-5
Added Pin To Net: NetName=GND Pin=J4-8
Added Pin To Net: NetName=GND Pin=J4-10
Added Pin To Net: NetName=GND Pin=J4-11
Added Pin To Net: NetName=GND Pin=J4-12
Added Net: Name=GND
Added Pin To Net: NetName=Top1 Pin=J2-TOP
Added Pin To Net: NetName=Top1 Pin=J4-3
Added Net: Name=Top1
Added Pin To Net: NetName=Top2 Pin=J3-TOP
Added Pin To Net: NetName=Top2 Pin=J4-9
Added Net: Name=Top2
Added Class: Name=QSTL_M12C_BNC
Added Rule: Name=Schematic Supply Nets
